<?xml version="1.0" encoding="UTF-8"?>
<Site BuildName="Linux-c++"
	BuildStamp="20260214-2237-Experimental"
	Name="XxX"
	Generator="ctest-4.2.3"
	CompilerName="/usr/bin/c++"
	CompilerVersion="15.2.1"
	OSName="Linux"
	Hostname="XxX"
	OSRelease="6.18.8-arch2-1"
	OSVersion="#1 SMP PREEMPT_DYNAMIC Fri, 06 Feb 2026 06:47:20 +0000"
	OSPlatform="x86_64"
	Is64Bits="1"
	VendorString="GenuineIntel"
	VendorID="Intel Corporation"
	FamilyID="6"
	ModelID="198"
	ModelName="Intel(R) Core(TM) Ultra 9 275HX"
	ProcessorCacheSize="36864"
	NumberOfLogicalCPU="24"
	NumberOfPhysicalCPU="24"
	TotalVirtualMemory="24976"
	TotalPhysicalMemory="31535"
	LogicalProcessorsPerPhysical="1"
	ProcessorClockFrequency="2907.7"
	>
	<Testing>
		<StartDateTime>Feb 14 16:38 CST</StartDateTime>
		<StartTestTime>1771108735</StartTestTime>
		<TestList/>
		<EndDateTime>Feb 14 16:38 CST</EndDateTime>
		<EndTestTime>1771108735</EndTestTime>
		<ElapsedMinutes>0</ElapsedMinutes>
	</Testing>
</Site>
